2024-07-26 04:19:09 - HV000001: Hibernate Validator 8.0.1.Final
2024-07-26 04:19:09 - Starting InventoryServiceApplication using Java 21 with PID 17368 (C:\Users\npdkh\Desktop\Integrify\fs17-java\fs17_java_inventory_service\target\classes started by npdkh in C:\Users\npdkh\Desktop\Integrify\fs17-java\fs17_java_inventory_service)
2024-07-26 04:19:09 - No active profile set, falling back to 1 default profile: "default"
2024-07-26 04:19:10 - Devtools property defaults active! Set 'spring.devtools.add-properties' to 'false' to disable
2024-07-26 04:19:10 - For additional web related logging consider setting the 'logging.level.web' property to 'DEBUG'
2024-07-26 04:19:12 - Bootstrapping Spring Data JPA repositories in DEFAULT mode.
2024-07-26 04:19:13 - Finished Spring Data repository scanning in 109 ms. Found 4 JPA repository interfaces.
2024-07-26 04:19:14 - Tomcat initialized with port 8080 (http)
2024-07-26 04:19:14 - Initializing ProtocolHandler ["http-nio-8080"]
2024-07-26 04:19:14 - Starting service [Tomcat]
2024-07-26 04:19:14 - Starting Servlet engine: [Apache Tomcat/10.1.24]
2024-07-26 04:19:14 - Initializing Spring embedded WebApplicationContext
2024-07-26 04:19:14 - Root WebApplicationContext: initialization completed in 4729 ms
2024-07-26 04:19:15 - Filter 'webMvcObservationFilter' configured for use
2024-07-26 04:19:15 - HHH000204: Processing PersistenceUnitInfo [name: default]
2024-07-26 04:19:15 - HHH000412: Hibernate ORM core version 6.5.2.Final
2024-07-26 04:19:15 - HHH000026: Second-level cache disabled
2024-07-26 04:19:16 - No LoadTimeWeaver setup: ignoring JPA class transformer
2024-07-26 04:19:16 - HikariPool-1 - Starting...
2024-07-26 04:19:16 - HikariPool-1 - Added connection org.postgresql.jdbc.PgConnection@1a88efc9
2024-07-26 04:19:16 - HikariPool-1 - Start completed.
2024-07-26 04:19:18 - HHH000489: No JTA platform available (set 'hibernate.transaction.jta.platform' to enable JTA platform integration)
2024-07-26 04:19:19 - Initialized JPA EntityManagerFactory for persistence unit 'default'
2024-07-26 04:19:19 - Hibernate is in classpath; If applicable, HQL parser will be used.
2024-07-26 04:19:20 - spring.jpa.open-in-view is enabled by default. Therefore, database queries may be performed during view rendering. Explicitly configure spring.jpa.open-in-view to disable this warning
2024-07-26 04:19:20 - 

Using generated security password: 942c324b-ec4a-4e72-ace9-0dca15d87078

This generated password is for development use only. Your security configuration must be updated before running your application in production.

2024-07-26 04:19:21 - Global AuthenticationManager configured with UserDetailsService bean with name inMemoryUserDetailsManager
2024-07-26 04:19:21 - 25 mappings in 'requestMappingHandlerMapping'
2024-07-26 04:19:21 - Patterns [/webjars/**, /**] in 'resourceHandlerMapping'
2024-07-26 04:19:22 - Exposing 14 endpoints beneath base path '/actuator'
2024-07-26 04:19:22 - Will secure any request with [org.springframework.security.web.session.DisableEncodeUrlFilter@2c8b7909, org.springframework.security.web.context.request.async.WebAsyncManagerIntegrationFilter@688d8384, org.springframework.security.web.context.SecurityContextHolderFilter@1eec062b, org.springframework.security.web.header.HeaderWriterFilter@5a0d2c4d, org.springframework.web.filter.CorsFilter@16efc3e1, org.springframework.security.web.authentication.logout.LogoutFilter@69ac97bb, com.example.presentation.security.ApiKeyFilter@1440a0b6, org.springframework.security.web.savedrequest.RequestCacheAwareFilter@39da037d, org.springframework.security.web.servletapi.SecurityContextHolderAwareRequestFilter@72c2bb45, org.springframework.security.web.authentication.AnonymousAuthenticationFilter@2ecfb80, org.springframework.security.web.access.ExceptionTranslationFilter@65f80a70, org.springframework.security.web.access.intercept.AuthorizationFilter@4bb1c81f]
2024-07-26 04:19:22 - ControllerAdvice beans: 0 @ModelAttribute, 0 @InitBinder, 1 RequestBodyAdvice, 1 ResponseBodyAdvice
2024-07-26 04:19:22 - ControllerAdvice beans: 1 @ExceptionHandler, 1 ResponseBodyAdvice
2024-07-26 04:19:23 - LiveReload server is running on port 35729
2024-07-26 04:19:23 - Starting ProtocolHandler ["http-nio-8080"]
2024-07-26 04:19:23 - Tomcat started on port 8080 (http) with context path '/'
2024-07-26 04:19:23 - Started InventoryServiceApplication in 14.479 seconds (process running for 15.631)
2024-07-26 04:21:25 - Closing JPA EntityManagerFactory for persistence unit 'default'
2024-07-26 04:21:25 - HikariPool-1 - Shutdown initiated...
2024-07-26 04:21:25 - HikariPool-1 - Shutdown completed.
